<?xml version="1.0" encoding="UTF-8"?>
<!-- Generated by org.testng.reporters.JUnitReportReporter -->
<testsuite hostname="DESKTOP-KOPQ5DT" failures="0" tests="1" name="testCases.TC_001_AccountRegisterTest" time="1.725" errors="0" timestamp="2025-07-06T17:44:27 IST" skipped="0">
  <testcase classname="testCases.TC_001_AccountRegisterTest" name="verify_account_registration" time="1.725"/>
  <system-out/>
</testsuite> <!-- testCases.TC_001_AccountRegisterTest -->
