<?xml version="1.0" encoding="UTF-8"?>
<!-- Generated by org.testng.reporters.JUnitReportReporter -->
<testsuite hostname="DESKTOP-KOPQ5DT" failures="0" tests="1" name="testCases.TC_002_LoginTest" time="1.558" errors="0" timestamp="2025-07-06T17:44:27 IST" skipped="0">
  <testcase classname="testCases.TC_002_LoginTest" name="verify_login" time="1.558"/>
  <system-out/>
</testsuite> <!-- testCases.TC_002_LoginTest -->
