<?xml version="1.0" encoding="UTF-8"?>
<!-- Generated by org.testng.reporters.JUnitReportReporter -->
<testsuite hostname="DESKTOP-KOPQ5DT" failures="0" tests="1" name="testCases.TC_001" time="2.843" errors="0" timestamp="2025-07-06T01:53:33 IST" skipped="0">
  <testcase classname="testCases.TC_001" name="verify_account_registration" time="2.843"/>
  <system-out/>
</testsuite> <!-- testCases.TC_001 -->
