<?xml version="1.0" encoding="UTF-8"?>
<!-- Generated by org.testng.reporters.JUnitReportReporter -->
<testsuite hostname="DESKTOP-KOPQ5DT" failures="0" tests="1" name="testCases.TC_001_AccountRegisterTest" time="2.733" errors="0" timestamp="2025-07-06T22:54:03 IST" skipped="0">
  <testcase classname="testCases.TC_001_AccountRegisterTest" name="verify_account_registration" time="2.733"/>
</testsuite> <!-- testCases.TC_001_AccountRegisterTest -->
